# JRE version: Java(TM) SE Runtime Environment (19.0.2+7) (build 19.0.2+7-44)
# Java VM: Java HotSpot(TM) 64-Bit Server VM (19.0.2+7-44, mixed mode, emulated-client, sharing, tiered, compressed oops, compressed class ptrs, g1 gc, windows-amd64)
GC Precious Log:
 CardTable entry size: 512
 Card Set container configuration: InlinePtr #cards 4 size 8 Array Of Cards #cards 16 size 48 Howl #buckets 8 coarsen threshold 3686 Howl Bitmap #cards 512 size 80 coarsen threshold 460 Card regions per heap region 1 cards per card region 4096
 CPUs: 8 total, 8 available
 Memory: 16167M
 Large Page Support: Disabled
 NUMA Support: Disabled
 Compressed Oops: Enabled (Zero based)
 Heap Region Size: 2M
 Heap Min Capacity: 8M
 Heap Initial Capacity: 254M
 Heap Max Capacity: 4042M
 Pre-touch: Disabled
 Parallel Workers: 8
 Concurrent Workers: 2
 Concurrent Refinement Workers: 8
 Periodic GC: Disabled
Heap:
 garbage-first heap   total 81920K, used 45467K [0x0000000703600000, 0x0000000800000000)
  region size 2048K, 10 young (20480K), 1 survivors (2048K)
 Metaspace       used 66127K, committed 66816K, reserved 1114112K
  class space    used 9075K, committed 9408K, reserved 1048576K
GC Heap History (20 events):
Event: 2.040 GC heap before
{Heap before GC invocations=4 (full 0):
 garbage-first heap   total 55296K, used 39679K [0x0000000703600000, 0x0000000800000000)
  region size 2048K, 16 young (32768K), 3 survivors (6144K)
 Metaspace       used 24630K, committed 25088K, reserved 1114112K
  class space    used 3219K, committed 3456K, reserved 1048576K
}
Event: 2.047 GC heap after
{Heap after GC invocations=5 (full 0):
 garbage-first heap   total 55296K, used 15000K [0x0000000703600000, 0x0000000800000000)
  region size 2048K, 2 young (4096K), 2 survivors (4096K)
 Metaspace       used 24630K, committed 25088K, reserved 1114112K
  class space    used 3219K, committed 3456K, reserved 1048576K
}
Event: 2.073 GC heap before
{Heap before GC invocations=5 (full 0):
 garbage-first heap   total 55296K, used 17048K [0x0000000703600000, 0x0000000800000000)
  region size 2048K, 3 young (6144K), 2 survivors (4096K)
 Metaspace       used 24986K, committed 25472K, reserved 1114112K
  class space    used 3261K, committed 3456K, reserved 1048576K
}
Event: 2.077 GC heap after
{Heap after GC invocations=6 (full 0):
 garbage-first heap   total 55296K, used 15370K [0x0000000703600000, 0x0000000800000000)
  region size 2048K, 1 young (2048K), 1 survivors (2048K)
 Metaspace       used 24986K, committed 25472K, reserved 1114112K
  class space    used 3261K, committed 3456K, reserved 1048576K
}
Event: 2.384 GC heap before
{Heap before GC invocations=6 (full 0):
 garbage-first heap   total 55296K, used 33802K [0x0000000703600000, 0x0000000800000000)
  region size 2048K, 10 young (20480K), 1 survivors (2048K)
 Metaspace       used 27604K, committed 28160K, reserved 1114112K
  class space    used 3702K, committed 3968K, reserved 1048576K
}
Event: 2.389 GC heap after
{Heap after GC invocations=7 (full 0):
 garbage-first heap   total 157696K, used 17125K [0x0000000703600000, 0x0000000800000000)
  region size 2048K, 2 young (4096K), 2 survivors (4096K)
 Metaspace       used 27604K, committed 28160K, reserved 1114112K
  class space    used 3702K, committed 3968K, reserved 1048576K
}
Event: 3.111 GC heap before
{Heap before GC invocations=7 (full 0):
 garbage-first heap   total 157696K, used 53989K [0x0000000703600000, 0x0000000800000000)
  region size 2048K, 21 young (43008K), 2 survivors (4096K)
 Metaspace       used 35609K, committed 36160K, reserved 1114112K
  class space    used 4816K, committed 5056K, reserved 1048576K
}
Event: 3.118 GC heap after
{Heap after GC invocations=8 (full 0):
 garbage-first heap   total 157696K, used 19239K [0x0000000703600000, 0x0000000800000000)
  region size 2048K, 3 young (6144K), 3 survivors (6144K)
 Metaspace       used 35609K, committed 36160K, reserved 1114112K
  class space    used 4816K, committed 5056K, reserved 1048576K
}
Event: 4.203 GC heap before
{Heap before GC invocations=9 (full 0):
 garbage-first heap   total 81920K, used 62247K [0x0000000703600000, 0x0000000800000000)
  region size 2048K, 24 young (49152K), 3 survivors (6144K)
 Metaspace       used 49118K, committed 49792K, reserved 1114112K
  class space    used 6524K, committed 6848K, reserved 1048576K
}
Event: 4.216 GC heap after
{Heap after GC invocations=10 (full 0):
 garbage-first heap   total 81920K, used 22550K [0x0000000703600000, 0x0000000800000000)
  region size 2048K, 3 young (6144K), 3 survivors (6144K)
 Metaspace       used 49118K, committed 49792K, reserved 1114112K
  class space    used 6524K, committed 6848K, reserved 1048576K
}
Event: 4.244 GC heap before
{Heap before GC invocations=10 (full 0):
 garbage-first heap   total 81920K, used 24598K [0x0000000703600000, 0x0000000800000000)
  region size 2048K, 4 young (8192K), 3 survivors (6144K)
 Metaspace       used 49415K, committed 50048K, reserved 1114112K
  class space    used 6576K, committed 6848K, reserved 1048576K
}
Event: 4.250 GC heap after
{Heap after GC invocations=11 (full 0):
 garbage-first heap   total 81920K, used 22726K [0x0000000703600000, 0x0000000800000000)
  region size 2048K, 1 young (2048K), 1 survivors (2048K)
 Metaspace       used 49415K, committed 50048K, reserved 1114112K
  class space    used 6576K, committed 6848K, reserved 1048576K
}
Event: 4.990 GC heap before
{Heap before GC invocations=11 (full 0):
 garbage-first heap   total 81920K, used 57542K [0x0000000703600000, 0x0000000800000000)
  region size 2048K, 19 young (38912K), 1 survivors (2048K)
 Metaspace       used 59082K, committed 59712K, reserved 1114112K
  class space    used 8002K, committed 8320K, reserved 1048576K
}
Event: 4.993 GC heap after
{Heap after GC invocations=12 (full 0):
 garbage-first heap   total 81920K, used 24547K [0x0000000703600000, 0x0000000800000000)
  region size 2048K, 2 young (4096K), 2 survivors (4096K)
 Metaspace       used 59082K, committed 59712K, reserved 1114112K
  class space    used 8002K, committed 8320K, reserved 1048576K
}
Event: 5.094 GC heap before
{Heap before GC invocations=12 (full 0):
 garbage-first heap   total 81920K, used 28643K [0x0000000703600000, 0x0000000800000000)
  region size 2048K, 5 young (10240K), 2 survivors (4096K)
 Metaspace       used 59986K, committed 60608K, reserved 1114112K
  class space    used 8137K, committed 8448K, reserved 1048576K
}
Event: 5.097 GC heap after
{Heap after GC invocations=13 (full 0):
 garbage-first heap   total 81920K, used 24940K [0x0000000703600000, 0x0000000800000000)
  region size 2048K, 2 young (4096K), 2 survivors (4096K)
 Metaspace       used 59986K, committed 60608K, reserved 1114112K
  class space    used 8137K, committed 8448K, reserved 1048576K
}
Event: 5.661 GC heap before
{Heap before GC invocations=14 (full 0):
 garbage-first heap   total 81920K, used 61804K [0x0000000703600000, 0x0000000800000000)
  region size 2048K, 20 young (40960K), 2 survivors (4096K)
 Metaspace       used 64271K, committed 65024K, reserved 1114112K
  class space    used 8815K, committed 9152K, reserved 1048576K
}
Event: 5.666 GC heap after
{Heap after GC invocations=15 (full 0):
 garbage-first heap   total 81920K, used 28490K [0x0000000703600000, 0x0000000800000000)
  region size 2048K, 3 young (6144K), 3 survivors (6144K)
 Metaspace       used 64271K, committed 65024K, reserved 1114112K
  class space    used 8815K, committed 9152K, reserved 1048576K
}
Event: 5.703 GC heap before
{Heap before GC invocations=15 (full 0):
 garbage-first heap   total 81920K, used 30538K [0x0000000703600000, 0x0000000800000000)
  region size 2048K, 4 young (8192K), 3 survivors (6144K)
 Metaspace       used 64449K, committed 65216K, reserved 1114112K
  class space    used 8843K, committed 9216K, reserved 1048576K
}
Event: 5.710 GC heap after
{Heap after GC invocations=16 (full 0):
 garbage-first heap   total 81920K, used 29083K [0x0000000703600000, 0x0000000800000000)
  region size 2048K, 1 young (2048K), 1 survivors (2048K)
 Metaspace       used 64449K, committed 65216K, reserved 1114112K
  class space    used 8843K, committed 9216K, reserved 1048576K
}

